
> @fragrance-battle/database@1.0.0 build
> tsc

[1G[0K[96msrc/index.ts[0m:[93m57[0m:[93m3[0m - [91merror[0m[90m TS2322: [0mType 'any[]' is not assignable to type 'T'.
  'T' could be instantiated with an arbitrary type which could be unrelated to 'any[]'.

[7m57[0m   return await prisma.$transaction(fn);
[7m  [0m [91m  ~~~~~~[0m

[96msrc/index.ts[0m:[93m57[0m:[93m36[0m - [91merror[0m[90m TS2769: [0mNo overload matches this call.
  Overload 1 of 2, '(arg: PrismaPromise<any>[], options?: { isolationLevel?: TransactionIsolationLevel | undefined; } | undefined): Promise<any[]>', gave the following error.
    Argument of type '(prisma: PrismaClient<PrismaClientOptions, never, DefaultArgs>) => Promise<T>' is not assignable to parameter of type 'PrismaPromise<any>[]'.
  Overload 2 of 2, '(fn: (prisma: Omit<PrismaClient<PrismaClientOptions, never, DefaultArgs>, "$connect" | "$disconnect" | "$on" | "$transaction" | "$use" | "$extends">) => Promise<...>, options?: { ...; } | undefined): Promise<...>', gave the following error.
    Argument of type '(prisma: PrismaClient<PrismaClientOptions, never, DefaultArgs>) => Promise<T>' is not assignable to parameter of type '(prisma: Omit<PrismaClient<PrismaClientOptions, never, DefaultArgs>, "$connect" | "$disconnect" | "$on" | "$transaction" | "$use" | "$extends">) => Promise<...>'.
      Types of parameters 'prisma' and 'prisma' are incompatible.
        Type 'Omit<PrismaClient<PrismaClientOptions, never, DefaultArgs>, "$connect" | "$disconnect" | "$on" | "$transaction" | "$use" | "$extends">' is missing the following properties from type 'PrismaClient<PrismaClientOptions, never, DefaultArgs>': $on, $connect, $disconnect, $use, and 2 more.

[7m57[0m   return await prisma.$transaction(fn);
[7m  [0m [91m                                   ~~[0m


[96msrc/seed.ts[0m:[93m182[0m:[93m17[0m - [91merror[0m[90m TS2532: [0mObject is possibly 'undefined'.

[7m182[0m         userId: createdUsers[0].id,
[7m   [0m [91m                ~~~~~~~~~~~~~~~[0m

[96msrc/seed.ts[0m:[93m195[0m:[93m24[0m - [91merror[0m[90m TS2532: [0mObject is possibly 'undefined'.

[7m195[0m           fragranceId: battleFragrances[i].id,
[7m   [0m [91m                       ~~~~~~~~~~~~~~~~~~~[0m


Found 4 errors in 2 files.

Errors  Files
     2  src/index.ts[90m:57[0m
     2  src/seed.ts[90m:182[0m
[1G[0Kâ ™[1G[0K[1mnpm[22m [31merror[39m Lifecycle script `build` failed with error:
[1G[0Kâ ™[1G[0K[1mnpm[22m [31merror[39m [94mcode[39m [33m2[39m
[1G[0Kâ ™[1G[0K[1mnpm[22m [31merror[39m [94mpath[39m /home/animo/dev/fragances-webapp/packages/database
[1G[0Kâ ™[1G[0K[1mnpm[22m [31merror[39m [94mworkspace[39m @fragrance-battle/database@1.0.0
[1G[0Kâ ™[1G[0K[1mnpm[22m [31merror[39m [94mlocation[39m /home/animo/dev/fragances-webapp/packages/database
[1G[0Kâ ™[1G[0K[1mnpm[22m [31merror[39m command failed
[1G[0Kâ ™[1G[0K[1mnpm[22m [31merror[39m [94mcommand[39m sh -c tsc
[1G[0Kâ ™[1G[0K
